<?xml version="1.0" encoding="UTF-8"?>
<!-- Generated by org.testng.reporters.JUnitReportReporter -->
<testsuite hostname="LIFE-HO-ICT-32" failures="0" tests="1" name="tests.BaseClass" time="0.004" errors="0" timestamp="2021-12-27T23:58:42 IST" skipped="0">
  <testcase classname="tests.BaseClass" name="Test" time="0.004"/>
  <system-out/>
</testsuite> <!-- tests.BaseClass -->
