<?xml version="1.0" encoding="UTF-8"?>
<!-- Generated by org.testng.reporters.JUnitReportReporter -->
<testsuite hostname="LIFE-HO-ICT-32" failures="0" tests="1" name="tests.Calculator" time="0.011" errors="0" timestamp="2021-12-28T18:49:17 IST" skipped="0">
  <testcase classname="tests.Calculator" name="Test1" time="0.011"/>
  <system-out/>
</testsuite> <!-- tests.Calculator -->
